<?xml version="1.0" encoding="UTF-8"?>
<testng-results ignored="0" total="1" passed="1" failed="0" skipped="0">
  <reporter-output>
  </reporter-output>
  <suite started-at="2023-08-14T22:37:16 IST" name="Default suite" finished-at="2023-08-14T22:37:38 IST" duration-ms="21766">
    <groups>
    </groups>
    <test started-at="2023-08-14T22:37:16 IST" name="Default test" finished-at="2023-08-14T22:37:38 IST" duration-ms="21766">
      <class name="com.Test.MakemyTripCalendarTest">
        <test-method is-config="true" signature="dbConnection()[pri:0, instance:com.Test.MakemyTripCalendarTest@7e07db1f]" started-at="2023-08-14T22:37:16 IST" name="dbConnection" finished-at="2023-08-14T22:37:16 IST" duration-ms="14" status="PASS">
          <reporter-output>
          </reporter-output>
        </test-method> <!-- dbConnection -->
        <test-method is-config="true" signature="launchBrowser()[pri:0, instance:com.Test.MakemyTripCalendarTest@7e07db1f]" started-at="2023-08-14T22:37:16 IST" name="launchBrowser" finished-at="2023-08-14T22:37:22 IST" duration-ms="5920" status="PASS">
          <reporter-output>
          </reporter-output>
        </test-method> <!-- launchBrowser -->
        <test-method is-config="true" signature="actionStarted()[pri:0, instance:com.Test.MakemyTripCalendarTest@7e07db1f]" started-at="2023-08-14T22:37:22 IST" name="actionStarted" finished-at="2023-08-14T22:37:22 IST" duration-ms="1" status="PASS">
          <reporter-output>
          </reporter-output>
        </test-method> <!-- actionStarted -->
        <test-method signature="calendarTest()[pri:0, instance:com.Test.MakemyTripCalendarTest@7e07db1f]" started-at="2023-08-14T22:37:22 IST" name="calendarTest" finished-at="2023-08-14T22:37:38 IST" duration-ms="15564" status="PASS">
          <reporter-output>
          </reporter-output>
        </test-method> <!-- calendarTest -->
        <test-method is-config="true" signature="closeBrowser()[pri:0, instance:com.Test.MakemyTripCalendarTest@7e07db1f]" started-at="2023-08-14T22:37:38 IST" name="closeBrowser" finished-at="2023-08-14T22:37:38 IST" duration-ms="200" status="PASS">
          <reporter-output>
          </reporter-output>
        </test-method> <!-- closeBrowser -->
        <test-method is-config="true" signature="afterAction()[pri:0, instance:com.Test.MakemyTripCalendarTest@7e07db1f]" started-at="2023-08-14T22:37:38 IST" name="afterAction" finished-at="2023-08-14T22:37:38 IST" duration-ms="0" status="PASS">
          <reporter-output>
          </reporter-output>
        </test-method> <!-- afterAction -->
        <test-method is-config="true" signature="closedBconection()[pri:0, instance:com.Test.MakemyTripCalendarTest@7e07db1f]" started-at="2023-08-14T22:37:38 IST" name="closedBconection" finished-at="2023-08-14T22:37:38 IST" duration-ms="0" status="PASS">
          <reporter-output>
          </reporter-output>
        </test-method> <!-- closedBconection -->
      </class> <!-- com.Test.MakemyTripCalendarTest -->
    </test> <!-- Default test -->
  </suite> <!-- Default suite -->
</testng-results>
